<?xml version="1.0" encoding="UTF-8"?>
<testng-results skipped="0" failed="0" total="1" passed="1">
  <reporter-output>
  </reporter-output>
  <suite name="Suite" duration-ms="9222" started-at="2018-11-16T06:03:44Z" finished-at="2018-11-16T06:03:53Z">
    <groups>
    </groups>
    <test name="Test" duration-ms="9222" started-at="2018-11-16T06:03:44Z" finished-at="2018-11-16T06:03:53Z">
      <class name="com.ActionDemo.ActionFirstTest">
        <test-method status="PASS" signature="beforeTest()[pri:0, instance:com.ActionDemo.ActionFirstTest@19dfb72a]" name="beforeTest" is-config="true" duration-ms="5370" started-at="2018-11-16T11:33:44Z" finished-at="2018-11-16T11:33:49Z">
          <reporter-output>
          </reporter-output>
        </test-method> <!-- beforeTest -->
        <test-method status="PASS" signature="clickSelectOption()[pri:0, instance:com.ActionDemo.ActionFirstTest@19dfb72a]" name="clickSelectOption" duration-ms="3833" started-at="2018-11-16T11:33:49Z" finished-at="2018-11-16T11:33:53Z">
          <reporter-output>
          </reporter-output>
        </test-method> <!-- clickSelectOption -->
        <test-method status="PASS" signature="afterTest()[pri:0, instance:com.ActionDemo.ActionFirstTest@19dfb72a]" name="afterTest" is-config="true" duration-ms="0" started-at="2018-11-16T11:33:53Z" finished-at="2018-11-16T11:33:53Z">
          <reporter-output>
          </reporter-output>
        </test-method> <!-- afterTest -->
      </class> <!-- com.ActionDemo.ActionFirstTest -->
    </test> <!-- Test -->
  </suite> <!-- Suite -->
</testng-results>
