<?xml version="1.0" encoding="UTF-8"?>
<testng-results skipped="0" failed="0" total="1" passed="1">
  <reporter-output>
  </reporter-output>
  <suite name="Suite" duration-ms="20705" started-at="2018-11-16T05:31:06Z" finished-at="2018-11-16T05:31:26Z">
    <groups>
    </groups>
    <test name="Test" duration-ms="20705" started-at="2018-11-16T05:31:06Z" finished-at="2018-11-16T05:31:26Z">
      <class name="com.test.ActionFirstTest">
        <test-method status="PASS" signature="beforeTest()[pri:0, instance:com.test.ActionFirstTest@1e88b3c]" name="beforeTest" is-config="true" duration-ms="6675" started-at="2018-11-16T11:01:06Z" finished-at="2018-11-16T11:01:12Z">
          <reporter-output>
          </reporter-output>
        </test-method> <!-- beforeTest -->
        <test-method status="PASS" signature="clickSelectOption()[pri:0, instance:com.test.ActionFirstTest@1e88b3c]" name="clickSelectOption" duration-ms="14011" started-at="2018-11-16T11:01:12Z" finished-at="2018-11-16T11:01:26Z">
          <reporter-output>
          </reporter-output>
        </test-method> <!-- clickSelectOption -->
        <test-method status="PASS" signature="afterTest()[pri:0, instance:com.test.ActionFirstTest@1e88b3c]" name="afterTest" is-config="true" duration-ms="0" started-at="2018-11-16T11:01:26Z" finished-at="2018-11-16T11:01:26Z">
          <reporter-output>
          </reporter-output>
        </test-method> <!-- afterTest -->
      </class> <!-- com.test.ActionFirstTest -->
    </test> <!-- Test -->
  </suite> <!-- Suite -->
</testng-results>
